\BOOKMARK [0][-]{chapter.1}{\376\377\000C\000l\000a\000s\000s\000\040\000I\000n\000d\000e\000x}{}
\BOOKMARK [1][-]{section.1.1}{\376\377\000C\000l\000a\000s\000s\000\040\000H\000i\000e\000r\000a\000r\000c\000h\000y}{chapter.1}
\BOOKMARK [0][-]{chapter.2}{\376\377\000C\000l\000a\000s\000s\000\040\000I\000n\000d\000e\000x}{}
\BOOKMARK [1][-]{section.2.1}{\376\377\000C\000l\000a\000s\000s\000\040\000L\000i\000s\000t}{chapter.2}
\BOOKMARK [0][-]{chapter.3}{\376\377\000F\000i\000l\000e\000\040\000I\000n\000d\000e\000x}{}
\BOOKMARK [1][-]{section.3.1}{\376\377\000F\000i\000l\000e\000\040\000L\000i\000s\000t}{chapter.3}
\BOOKMARK [0][-]{chapter.4}{\376\377\000C\000l\000a\000s\000s\000\040\000D\000o\000c\000u\000m\000e\000n\000t\000a\000t\000i\000o\000n}{}
\BOOKMARK [1][-]{section.4.1}{\376\377\000a\000c\000t\000i\000v\000i\000t\000i\000e\000s\000M\000a\000p\000\040\000C\000l\000a\000s\000s\000\040\000R\000e\000f\000e\000r\000e\000n\000c\000e}{chapter.4}
\BOOKMARK [2][-]{subsection.4.1.1}{\376\377\000D\000e\000t\000a\000i\000l\000e\000d\000\040\000D\000e\000s\000c\000r\000i\000p\000t\000i\000o\000n}{section.4.1}
\BOOKMARK [1][-]{section.4.2}{\376\377\000B\000o\000x\000<\000\040\000T\000\040\000>\000\040\000C\000l\000a\000s\000s\000\040\000T\000e\000m\000p\000l\000a\000t\000e\000\040\000R\000e\000f\000e\000r\000e\000n\000c\000e}{chapter.4}
\BOOKMARK [2][-]{subsection.4.2.1}{\376\377\000D\000e\000t\000a\000i\000l\000e\000d\000\040\000D\000e\000s\000c\000r\000i\000p\000t\000i\000o\000n}{section.4.2}
\BOOKMARK [1][-]{section.4.3}{\376\377\000C\000a\000c\000h\000e\000\040\000C\000l\000a\000s\000s\000\040\000R\000e\000f\000e\000r\000e\000n\000c\000e}{chapter.4}
\BOOKMARK [2][-]{subsection.4.3.1}{\376\377\000D\000e\000t\000a\000i\000l\000e\000d\000\040\000D\000e\000s\000c\000r\000i\000p\000t\000i\000o\000n}{section.4.3}
\BOOKMARK [1][-]{section.4.4}{\376\377\000d\000e\000c\000i\000s\000i\000o\000n\000\137\000f\000u\000n\000c\000t\000i\000o\000n\000\040\000S\000t\000r\000u\000c\000t\000\040\000R\000e\000f\000e\000r\000e\000n\000c\000e}{chapter.4}
\BOOKMARK [2][-]{subsection.4.4.1}{\376\377\000D\000e\000t\000a\000i\000l\000e\000d\000\040\000D\000e\000s\000c\000r\000i\000p\000t\000i\000o\000n}{section.4.4}
\BOOKMARK [1][-]{section.4.5}{\376\377\000D\000e\000s\000c\000I\000n\000f\000o\000\040\000S\000t\000r\000u\000c\000t\000\040\000R\000e\000f\000e\000r\000e\000n\000c\000e}{chapter.4}
\BOOKMARK [2][-]{subsection.4.5.1}{\376\377\000D\000e\000t\000a\000i\000l\000e\000d\000\040\000D\000e\000s\000c\000r\000i\000p\000t\000i\000o\000n}{section.4.5}
\BOOKMARK [1][-]{section.4.6}{\376\377\000D\000e\000s\000c\000M\000a\000t\000\040\000S\000t\000r\000u\000c\000t\000\040\000R\000e\000f\000e\000r\000e\000n\000c\000e}{chapter.4}
\BOOKMARK [2][-]{subsection.4.6.1}{\376\377\000D\000e\000t\000a\000i\000l\000e\000d\000\040\000D\000e\000s\000c\000r\000i\000p\000t\000i\000o\000n}{section.4.6}
\BOOKMARK [1][-]{section.4.7}{\376\377\000e\000x\000e\000c\000\137\000t\000i\000m\000e\000\040\000S\000t\000r\000u\000c\000t\000\040\000R\000e\000f\000e\000r\000e\000n\000c\000e}{chapter.4}
\BOOKMARK [2][-]{subsection.4.7.1}{\376\377\000D\000e\000t\000a\000i\000l\000e\000d\000\040\000D\000e\000s\000c\000r\000i\000p\000t\000i\000o\000n}{section.4.7}
\BOOKMARK [1][-]{section.4.8}{\376\377\000I\000p\000l\000I\000m\000a\000g\000e\000P\000y\000r\000a\000m\000i\000d\000\040\000C\000l\000a\000s\000s\000\040\000R\000e\000f\000e\000r\000e\000n\000c\000e}{chapter.4}
\BOOKMARK [2][-]{subsection.4.8.1}{\376\377\000D\000e\000t\000a\000i\000l\000e\000d\000\040\000D\000e\000s\000c\000r\000i\000p\000t\000i\000o\000n}{section.4.8}
\BOOKMARK [2][-]{subsection.4.8.2}{\376\377\000C\000o\000n\000s\000t\000r\000u\000c\000t\000o\000r\000\040\000\046\000\040\000D\000e\000s\000t\000r\000u\000c\000t\000o\000r\000\040\000D\000o\000c\000u\000m\000e\000n\000t\000a\000t\000i\000o\000n}{section.4.8}
\BOOKMARK [3][-]{subsubsection.4.8.2.1}{\376\377\000I\000p\000l\000I\000m\000a\000g\000e\000P\000y\000r\000a\000m\000i\000d}{subsection.4.8.2}
\BOOKMARK [3][-]{subsubsection.4.8.2.2}{\376\377\000I\000p\000l\000I\000m\000a\000g\000e\000P\000y\000r\000a\000m\000i\000d}{subsection.4.8.2}
\BOOKMARK [3][-]{subsubsection.4.8.2.3}{\376\377\000I\000p\000l\000I\000m\000a\000g\000e\000P\000y\000r\000a\000m\000i\000d}{subsection.4.8.2}
\BOOKMARK [3][-]{subsubsection.4.8.2.4}{\376\377\000I\000p\000l\000I\000m\000a\000g\000e\000P\000y\000r\000a\000m\000i\000d}{subsection.4.8.2}
\BOOKMARK [3][-]{subsubsection.4.8.2.5}{\376\377\000I\000p\000l\000I\000m\000a\000g\000e\000P\000y\000r\000a\000m\000i\000d}{subsection.4.8.2}
\BOOKMARK [3][-]{subsubsection.4.8.2.6}{\376\377\000I\000p\000l\000I\000m\000a\000g\000e\000P\000y\000r\000a\000m\000i\000d}{subsection.4.8.2}
\BOOKMARK [3][-]{subsubsection.4.8.2.7}{\376\377\000I\000p\000l\000I\000m\000a\000g\000e\000P\000y\000r\000a\000m\000i\000d}{subsection.4.8.2}
\BOOKMARK [3][-]{subsubsection.4.8.2.8}{\376\377\000I\000p\000l\000I\000m\000a\000g\000e\000P\000y\000r\000a\000m\000i\000d}{subsection.4.8.2}
\BOOKMARK [3][-]{subsubsection.4.8.2.9}{\376\377\000I\000p\000l\000I\000m\000a\000g\000e\000P\000y\000r\000a\000m\000i\000d}{subsection.4.8.2}
\BOOKMARK [3][-]{subsubsection.4.8.2.10}{\376\377\000I\000p\000l\000I\000m\000a\000g\000e\000P\000y\000r\000a\000m\000i\000d}{subsection.4.8.2}
\BOOKMARK [2][-]{subsection.4.8.3}{\376\377\000M\000e\000m\000b\000e\000r\000\040\000F\000u\000n\000c\000t\000i\000o\000n\000\040\000D\000o\000c\000u\000m\000e\000n\000t\000a\000t\000i\000o\000n}{section.4.8}
\BOOKMARK [3][-]{subsubsection.4.8.3.1}{\376\377\000g\000e\000t\000I\000m\000a\000g\000e}{subsection.4.8.3}
\BOOKMARK [3][-]{subsubsection.4.8.3.2}{\376\377\000g\000e\000t\000I\000m\000a\000g\000e}{subsection.4.8.3}
\BOOKMARK [3][-]{subsubsection.4.8.3.3}{\376\377\000g\000e\000t\000I\000m\000a\000g\000e}{subsection.4.8.3}
\BOOKMARK [3][-]{subsubsection.4.8.3.4}{\376\377\000g\000e\000t\000I\000m\000a\000g\000e}{subsection.4.8.3}
\BOOKMARK [3][-]{subsubsection.4.8.3.5}{\376\377\000g\000e\000t\000I\000m\000a\000g\000e}{subsection.4.8.3}
\BOOKMARK [3][-]{subsubsection.4.8.3.6}{\376\377\000g\000e\000t\000I\000n\000d\000e\000x}{subsection.4.8.3}
\BOOKMARK [3][-]{subsubsection.4.8.3.7}{\376\377\000g\000e\000t\000I\000n\000d\000e\000x}{subsection.4.8.3}
\BOOKMARK [3][-]{subsubsection.4.8.3.8}{\376\377\000g\000e\000t\000I\000n\000d\000e\000x}{subsection.4.8.3}
\BOOKMARK [3][-]{subsubsection.4.8.3.9}{\376\377\000g\000e\000t\000I\000n\000d\000e\000x}{subsection.4.8.3}
\BOOKMARK [3][-]{subsubsection.4.8.3.10}{\376\377\000g\000e\000t\000I\000n\000d\000e\000x}{subsection.4.8.3}
\BOOKMARK [3][-]{subsubsection.4.8.3.11}{\376\377\000r\000e\000b\000u\000i\000l\000d}{subsection.4.8.3}
\BOOKMARK [3][-]{subsubsection.4.8.3.12}{\376\377\000r\000e\000b\000u\000i\000l\000d}{subsection.4.8.3}
\BOOKMARK [3][-]{subsubsection.4.8.3.13}{\376\377\000r\000e\000b\000u\000i\000l\000d}{subsection.4.8.3}
\BOOKMARK [3][-]{subsubsection.4.8.3.14}{\376\377\000r\000e\000b\000u\000i\000l\000d}{subsection.4.8.3}
\BOOKMARK [3][-]{subsubsection.4.8.3.15}{\376\377\000r\000e\000b\000u\000i\000l\000d}{subsection.4.8.3}
\BOOKMARK [1][-]{section.4.9}{\376\377\000I\000p\000l\000I\000m\000a\000g\000e\000W\000r\000a\000p\000p\000e\000r\000\040\000C\000l\000a\000s\000s\000\040\000R\000e\000f\000e\000r\000e\000n\000c\000e}{chapter.4}
\BOOKMARK [2][-]{subsection.4.9.1}{\376\377\000D\000e\000t\000a\000i\000l\000e\000d\000\040\000D\000e\000s\000c\000r\000i\000p\000t\000i\000o\000n}{section.4.9}
\BOOKMARK [1][-]{section.4.10}{\376\377\000K\000C\000l\000e\000a\000f\000\040\000C\000l\000a\000s\000s\000\040\000R\000e\000f\000e\000r\000e\000n\000c\000e}{chapter.4}
\BOOKMARK [2][-]{subsection.4.10.1}{\376\377\000D\000e\000t\000a\000i\000l\000e\000d\000\040\000D\000e\000s\000c\000r\000i\000p\000t\000i\000o\000n}{section.4.10}
\BOOKMARK [1][-]{section.4.11}{\376\377\000K\000C\000n\000o\000d\000e\000\040\000C\000l\000a\000s\000s\000\040\000R\000e\000f\000e\000r\000e\000n\000c\000e}{chapter.4}
\BOOKMARK [2][-]{subsection.4.11.1}{\376\377\000D\000e\000t\000a\000i\000l\000e\000d\000\040\000D\000e\000s\000c\000r\000i\000p\000t\000i\000o\000n}{section.4.11}
\BOOKMARK [1][-]{section.4.12}{\376\377\000K\000C\000s\000p\000l\000i\000t\000\040\000C\000l\000a\000s\000s\000\040\000R\000e\000f\000e\000r\000e\000n\000c\000e}{chapter.4}
\BOOKMARK [2][-]{subsection.4.12.1}{\376\377\000D\000e\000t\000a\000i\000l\000e\000d\000\040\000D\000e\000s\000c\000r\000i\000p\000t\000i\000o\000n}{section.4.12}
\BOOKMARK [1][-]{section.4.13}{\376\377\000K\000C\000t\000r\000e\000e\000\040\000C\000l\000a\000s\000s\000\040\000R\000e\000f\000e\000r\000e\000n\000c\000e}{chapter.4}
\BOOKMARK [2][-]{subsection.4.13.1}{\376\377\000D\000e\000t\000a\000i\000l\000e\000d\000\040\000D\000e\000s\000c\000r\000i\000p\000t\000i\000o\000n}{section.4.13}
\BOOKMARK [1][-]{section.4.14}{\376\377\000K\000e\000r\000n\000e\000l\000\040\000C\000l\000a\000s\000s\000\040\000R\000e\000f\000e\000r\000e\000n\000c\000e}{chapter.4}
\BOOKMARK [2][-]{subsection.4.14.1}{\376\377\000D\000e\000t\000a\000i\000l\000e\000d\000\040\000D\000e\000s\000c\000r\000i\000p\000t\000i\000o\000n}{section.4.14}
\BOOKMARK [1][-]{section.4.15}{\376\377\000K\000M\000c\000e\000n\000t\000e\000r\000s\000\040\000C\000l\000a\000s\000s\000\040\000R\000e\000f\000e\000r\000e\000n\000c\000e}{chapter.4}
\BOOKMARK [2][-]{subsection.4.15.1}{\376\377\000D\000e\000t\000a\000i\000l\000e\000d\000\040\000D\000e\000s\000c\000r\000i\000p\000t\000i\000o\000n}{section.4.15}
\BOOKMARK [1][-]{section.4.16}{\376\377\000K\000M\000d\000a\000t\000a\000\040\000C\000l\000a\000s\000s\000\040\000R\000e\000f\000e\000r\000e\000n\000c\000e}{chapter.4}
\BOOKMARK [2][-]{subsection.4.16.1}{\376\377\000D\000e\000t\000a\000i\000l\000e\000d\000\040\000D\000e\000s\000c\000r\000i\000p\000t\000i\000o\000n}{section.4.16}
\BOOKMARK [1][-]{section.4.17}{\376\377\000K\000M\000f\000i\000l\000t\000e\000r\000C\000e\000n\000t\000e\000r\000s\000\040\000C\000l\000a\000s\000s\000\040\000R\000e\000f\000e\000r\000e\000n\000c\000e}{chapter.4}
\BOOKMARK [2][-]{subsection.4.17.1}{\376\377\000D\000e\000t\000a\000i\000l\000e\000d\000\040\000D\000e\000s\000c\000r\000i\000p\000t\000i\000o\000n}{section.4.17}
\BOOKMARK [1][-]{section.4.18}{\376\377\000K\000M\000l\000o\000c\000a\000l\000\040\000C\000l\000a\000s\000s\000\040\000R\000e\000f\000e\000r\000e\000n\000c\000e}{chapter.4}
\BOOKMARK [2][-]{subsection.4.18.1}{\376\377\000D\000e\000t\000a\000i\000l\000e\000d\000\040\000D\000e\000s\000c\000r\000i\000p\000t\000i\000o\000n}{section.4.18}
\BOOKMARK [1][-]{section.4.19}{\376\377\000K\000M\000l\000o\000c\000a\000l\000E\000Z\000\137\000H\000y\000b\000r\000i\000d\000\040\000C\000l\000a\000s\000s\000\040\000R\000e\000f\000e\000r\000e\000n\000c\000e}{chapter.4}
\BOOKMARK [2][-]{subsection.4.19.1}{\376\377\000D\000e\000t\000a\000i\000l\000e\000d\000\040\000D\000e\000s\000c\000r\000i\000p\000t\000i\000o\000n}{section.4.19}
\BOOKMARK [1][-]{section.4.20}{\376\377\000K\000M\000l\000o\000c\000a\000l\000H\000y\000b\000r\000i\000d\000\040\000C\000l\000a\000s\000s\000\040\000R\000e\000f\000e\000r\000e\000n\000c\000e}{chapter.4}
\BOOKMARK [2][-]{subsection.4.20.1}{\376\377\000D\000e\000t\000a\000i\000l\000e\000d\000\040\000D\000e\000s\000c\000r\000i\000p\000t\000i\000o\000n}{section.4.20}
\BOOKMARK [1][-]{section.4.21}{\376\377\000K\000M\000l\000o\000c\000a\000l\000L\000l\000o\000y\000d\000s\000\040\000C\000l\000a\000s\000s\000\040\000R\000e\000f\000e\000r\000e\000n\000c\000e}{chapter.4}
\BOOKMARK [2][-]{subsection.4.21.1}{\376\377\000D\000e\000t\000a\000i\000l\000e\000d\000\040\000D\000e\000s\000c\000r\000i\000p\000t\000i\000o\000n}{section.4.21}
\BOOKMARK [1][-]{section.4.22}{\376\377\000K\000M\000l\000o\000c\000a\000l\000S\000w\000a\000p\000\040\000C\000l\000a\000s\000s\000\040\000R\000e\000f\000e\000r\000e\000n\000c\000e}{chapter.4}
\BOOKMARK [2][-]{subsection.4.22.1}{\376\377\000D\000e\000t\000a\000i\000l\000e\000d\000\040\000D\000e\000s\000c\000r\000i\000p\000t\000i\000o\000n}{section.4.22}
\BOOKMARK [1][-]{section.4.23}{\376\377\000K\000M\000o\000r\000t\000h\000R\000e\000c\000t\000\040\000C\000l\000a\000s\000s\000\040\000R\000e\000f\000e\000r\000e\000n\000c\000e}{chapter.4}
\BOOKMARK [2][-]{subsection.4.23.1}{\376\377\000D\000e\000t\000a\000i\000l\000e\000d\000\040\000D\000e\000s\000c\000r\000i\000p\000t\000i\000o\000n}{section.4.23}
\BOOKMARK [1][-]{section.4.24}{\376\377\000K\000M\000t\000e\000r\000m\000\040\000C\000l\000a\000s\000s\000\040\000R\000e\000f\000e\000r\000e\000n\000c\000e}{chapter.4}
\BOOKMARK [2][-]{subsection.4.24.1}{\376\377\000D\000e\000t\000a\000i\000l\000e\000d\000\040\000D\000e\000s\000c\000r\000i\000p\000t\000i\000o\000n}{section.4.24}
\BOOKMARK [1][-]{section.4.25}{\376\377\000O\000N\000E\000\137\000C\000L\000A\000S\000S\000\137\000Q\000\040\000C\000l\000a\000s\000s\000\040\000R\000e\000f\000e\000r\000e\000n\000c\000e}{chapter.4}
\BOOKMARK [2][-]{subsection.4.25.1}{\376\377\000D\000e\000t\000a\000i\000l\000e\000d\000\040\000D\000e\000s\000c\000r\000i\000p\000t\000i\000o\000n}{section.4.25}
\BOOKMARK [1][-]{section.4.26}{\376\377\000P\000o\000i\000n\000t\000<\000\040\000T\000\040\000>\000\040\000C\000l\000a\000s\000s\000\040\000T\000e\000m\000p\000l\000a\000t\000e\000\040\000R\000e\000f\000e\000r\000e\000n\000c\000e}{chapter.4}
\BOOKMARK [2][-]{subsection.4.26.1}{\376\377\000D\000e\000t\000a\000i\000l\000e\000d\000\040\000D\000e\000s\000c\000r\000i\000p\000t\000i\000o\000n}{section.4.26}
\BOOKMARK [1][-]{section.4.27}{\376\377\000P\000o\000i\000n\000t\000D\000e\000s\000c\000\040\000C\000l\000a\000s\000s\000\040\000R\000e\000f\000e\000r\000e\000n\000c\000e}{chapter.4}
\BOOKMARK [2][-]{subsection.4.27.1}{\376\377\000D\000e\000t\000a\000i\000l\000e\000d\000\040\000D\000e\000s\000c\000r\000i\000p\000t\000i\000o\000n}{section.4.27}
\BOOKMARK [1][-]{section.4.28}{\376\377\000Q\000M\000a\000t\000r\000i\000x\000\040\000C\000l\000a\000s\000s\000\040\000R\000e\000f\000e\000r\000e\000n\000c\000e}{chapter.4}
\BOOKMARK [2][-]{subsection.4.28.1}{\376\377\000D\000e\000t\000a\000i\000l\000e\000d\000\040\000D\000e\000s\000c\000r\000i\000p\000t\000i\000o\000n}{section.4.28}
\BOOKMARK [1][-]{section.4.29}{\376\377\000S\000i\000z\000e\000<\000\040\000T\000\040\000>\000\040\000C\000l\000a\000s\000s\000\040\000T\000e\000m\000p\000l\000a\000t\000e\000\040\000R\000e\000f\000e\000r\000e\000n\000c\000e}{chapter.4}
\BOOKMARK [2][-]{subsection.4.29.1}{\376\377\000D\000e\000t\000a\000i\000l\000e\000d\000\040\000D\000e\000s\000c\000r\000i\000p\000t\000i\000o\000n}{section.4.29}
\BOOKMARK [1][-]{section.4.30}{\376\377\000S\000o\000l\000v\000e\000r\000:\000:\000S\000o\000l\000u\000t\000i\000o\000n\000I\000n\000f\000o\000\040\000S\000t\000r\000u\000c\000t\000\040\000R\000e\000f\000e\000r\000e\000n\000c\000e}{chapter.4}
\BOOKMARK [2][-]{subsection.4.30.1}{\376\377\000D\000e\000t\000a\000i\000l\000e\000d\000\040\000D\000e\000s\000c\000r\000i\000p\000t\000i\000o\000n}{section.4.30}
\BOOKMARK [1][-]{section.4.31}{\376\377\000S\000o\000l\000v\000e\000r\000\040\000C\000l\000a\000s\000s\000\040\000R\000e\000f\000e\000r\000e\000n\000c\000e}{chapter.4}
\BOOKMARK [2][-]{subsection.4.31.1}{\376\377\000D\000e\000t\000a\000i\000l\000e\000d\000\040\000D\000e\000s\000c\000r\000i\000p\000t\000i\000o\000n}{section.4.31}
\BOOKMARK [1][-]{section.4.32}{\376\377\000S\000o\000l\000v\000e\000r\000\137\000N\000U\000\040\000C\000l\000a\000s\000s\000\040\000R\000e\000f\000e\000r\000e\000n\000c\000e}{chapter.4}
\BOOKMARK [2][-]{subsection.4.32.1}{\376\377\000D\000e\000t\000a\000i\000l\000e\000d\000\040\000D\000e\000s\000c\000r\000i\000p\000t\000i\000o\000n}{section.4.32}
\BOOKMARK [1][-]{section.4.33}{\376\377\000S\000V\000C\000\137\000Q\000\040\000C\000l\000a\000s\000s\000\040\000R\000e\000f\000e\000r\000e\000n\000c\000e}{chapter.4}
\BOOKMARK [2][-]{subsection.4.33.1}{\376\377\000D\000e\000t\000a\000i\000l\000e\000d\000\040\000D\000e\000s\000c\000r\000i\000p\000t\000i\000o\000n}{section.4.33}
\BOOKMARK [1][-]{section.4.34}{\376\377\000s\000v\000m\000\137\000m\000o\000d\000e\000l\000\040\000S\000t\000r\000u\000c\000t\000\040\000R\000e\000f\000e\000r\000e\000n\000c\000e}{chapter.4}
\BOOKMARK [2][-]{subsection.4.34.1}{\376\377\000D\000e\000t\000a\000i\000l\000e\000d\000\040\000D\000e\000s\000c\000r\000i\000p\000t\000i\000o\000n}{section.4.34}
\BOOKMARK [1][-]{section.4.35}{\376\377\000s\000v\000m\000\137\000n\000o\000d\000e\000\040\000S\000t\000r\000u\000c\000t\000\040\000R\000e\000f\000e\000r\000e\000n\000c\000e}{chapter.4}
\BOOKMARK [2][-]{subsection.4.35.1}{\376\377\000D\000e\000t\000a\000i\000l\000e\000d\000\040\000D\000e\000s\000c\000r\000i\000p\000t\000i\000o\000n}{section.4.35}
\BOOKMARK [1][-]{section.4.36}{\376\377\000s\000v\000m\000\137\000p\000a\000r\000a\000m\000e\000t\000e\000r\000\040\000S\000t\000r\000u\000c\000t\000\040\000R\000e\000f\000e\000r\000e\000n\000c\000e}{chapter.4}
\BOOKMARK [2][-]{subsection.4.36.1}{\376\377\000D\000e\000t\000a\000i\000l\000e\000d\000\040\000D\000e\000s\000c\000r\000i\000p\000t\000i\000o\000n}{section.4.36}
\BOOKMARK [1][-]{section.4.37}{\376\377\000s\000v\000m\000\137\000p\000r\000o\000b\000l\000e\000m\000\040\000S\000t\000r\000u\000c\000t\000\040\000R\000e\000f\000e\000r\000e\000n\000c\000e}{chapter.4}
\BOOKMARK [2][-]{subsection.4.37.1}{\376\377\000D\000e\000t\000a\000i\000l\000e\000d\000\040\000D\000e\000s\000c\000r\000i\000p\000t\000i\000o\000n}{section.4.37}
\BOOKMARK [1][-]{section.4.38}{\376\377\000S\000V\000R\000\137\000Q\000\040\000C\000l\000a\000s\000s\000\040\000R\000e\000f\000e\000r\000e\000n\000c\000e}{chapter.4}
\BOOKMARK [2][-]{subsection.4.38.1}{\376\377\000D\000e\000t\000a\000i\000l\000e\000d\000\040\000D\000e\000s\000c\000r\000i\000p\000t\000i\000o\000n}{section.4.38}
\BOOKMARK [1][-]{section.4.39}{\376\377\000T\000a\000c\000t\000i\000l\000\040\000C\000l\000a\000s\000s\000\040\000R\000e\000f\000e\000r\000e\000n\000c\000e}{chapter.4}
\BOOKMARK [2][-]{subsection.4.39.1}{\376\377\000D\000e\000t\000a\000i\000l\000e\000d\000\040\000D\000e\000s\000c\000r\000i\000p\000t\000i\000o\000n}{section.4.39}
\BOOKMARK [2][-]{subsection.4.39.2}{\376\377\000M\000e\000m\000b\000e\000r\000\040\000F\000u\000n\000c\000t\000i\000o\000n\000\040\000D\000o\000c\000u\000m\000e\000n\000t\000a\000t\000i\000o\000n}{section.4.39}
\BOOKMARK [3][-]{subsubsection.4.39.2.1}{\376\377\000i\000n\000i\000t}{subsection.4.39.2}
\BOOKMARK [3][-]{subsubsection.4.39.2.2}{\376\377\000o\000n\000F\000r\000o\000n\000t\000H\000e\000a\000d\000T\000o\000u\000c\000h\000e\000d}{subsection.4.39.2}
\BOOKMARK [1][-]{section.4.40}{\376\377\000t\000e\000m\000p\000s\000\137\000e\000x\000e\000c\000\040\000S\000t\000r\000u\000c\000t\000\040\000R\000e\000f\000e\000r\000e\000n\000c\000e}{chapter.4}
\BOOKMARK [2][-]{subsection.4.40.1}{\376\377\000D\000e\000t\000a\000i\000l\000e\000d\000\040\000D\000e\000s\000c\000r\000i\000p\000t\000i\000o\000n}{section.4.40}
\BOOKMARK [1][-]{section.4.41}{\376\377\000T\000r\000a\000c\000k\000\040\000C\000l\000a\000s\000s\000\040\000R\000e\000f\000e\000r\000e\000n\000c\000e}{chapter.4}
\BOOKMARK [2][-]{subsection.4.41.1}{\376\377\000D\000e\000t\000a\000i\000l\000e\000d\000\040\000D\000e\000s\000c\000r\000i\000p\000t\000i\000o\000n}{section.4.41}
\BOOKMARK [1][-]{section.4.42}{\376\377\000T\000r\000a\000c\000k\000e\000r\000I\000n\000f\000o\000\040\000S\000t\000r\000u\000c\000t\000\040\000R\000e\000f\000e\000r\000e\000n\000c\000e}{chapter.4}
\BOOKMARK [2][-]{subsection.4.42.1}{\376\377\000D\000e\000t\000a\000i\000l\000e\000d\000\040\000D\000e\000s\000c\000r\000i\000p\000t\000i\000o\000n}{section.4.42}
\BOOKMARK [0][-]{chapter.5}{\376\377\000F\000i\000l\000e\000\040\000D\000o\000c\000u\000m\000e\000n\000t\000a\000t\000i\000o\000n}{}
\BOOKMARK [1][-]{section.5.1}{\376\377\000n\000a\000o\000d\000e\000n\000s\000e\000t\000r\000a\000c\000k\000.\000c\000p\000p\000\040\000F\000i\000l\000e\000\040\000R\000e\000f\000e\000r\000e\000n\000c\000e}{chapter.5}
\BOOKMARK [2][-]{subsection.5.1.1}{\376\377\000D\000e\000t\000a\000i\000l\000e\000d\000\040\000D\000e\000s\000c\000r\000i\000p\000t\000i\000o\000n}{section.5.1}
\BOOKMARK [2][-]{subsection.5.1.2}{\376\377\000F\000u\000n\000c\000t\000i\000o\000n\000\040\000D\000o\000c\000u\000m\000e\000n\000t\000a\000t\000i\000o\000n}{section.5.1}
\BOOKMARK [3][-]{subsubsection.5.1.2.1}{\376\377\000e\000x\000t\000r\000a\000c\000t\000S\000T\000I\000P\000s}{subsection.5.1.2}
\BOOKMARK [1][-]{section.5.2}{\376\377\000n\000a\000o\000k\000m\000e\000a\000n\000s\000.\000c\000p\000p\000\040\000F\000i\000l\000e\000\040\000R\000e\000f\000e\000r\000e\000n\000c\000e}{chapter.5}
\BOOKMARK [2][-]{subsection.5.2.1}{\376\377\000D\000e\000t\000a\000i\000l\000e\000d\000\040\000D\000e\000s\000c\000r\000i\000p\000t\000i\000o\000n}{section.5.2}
\BOOKMARK [2][-]{subsection.5.2.2}{\376\377\000F\000u\000n\000c\000t\000i\000o\000n\000\040\000D\000o\000c\000u\000m\000e\000n\000t\000a\000t\000i\000o\000n}{section.5.2}
\BOOKMARK [3][-]{subsubsection.5.2.2.1}{\376\377\000c\000r\000e\000a\000t\000e\000T\000r\000a\000i\000n\000i\000n\000g\000M\000e\000a\000n\000s}{subsection.5.2.2}
\BOOKMARK [3][-]{subsubsection.5.2.2.2}{\376\377\000e\000x\000p\000o\000r\000t\000C\000e\000n\000t\000e\000r\000s}{subsection.5.2.2}
\BOOKMARK [3][-]{subsubsection.5.2.2.3}{\376\377\000i\000m\000p\000o\000r\000t\000C\000e\000n\000t\000e\000r\000s}{subsection.5.2.2}
\BOOKMARK [3][-]{subsubsection.5.2.2.4}{\376\377\000i\000m\000p\000o\000r\000t\000S\000T\000I\000P\000s}{subsection.5.2.2}
\BOOKMARK [3][-]{subsubsection.5.2.2.5}{\376\377\000k\000m\000I\000v\000a\000n\000A\000l\000g\000o\000r\000i\000t\000h\000m}{subsection.5.2.2}
\BOOKMARK [1][-]{section.5.3}{\376\377\000n\000a\000o\000k\000m\000e\000a\000n\000s\000.\000h\000\040\000F\000i\000l\000e\000\040\000R\000e\000f\000e\000r\000e\000n\000c\000e}{chapter.5}
\BOOKMARK [2][-]{subsection.5.3.1}{\376\377\000D\000e\000t\000a\000i\000l\000e\000d\000\040\000D\000e\000s\000c\000r\000i\000p\000t\000i\000o\000n}{section.5.3}
\BOOKMARK [2][-]{subsection.5.3.2}{\376\377\000F\000u\000n\000c\000t\000i\000o\000n\000\040\000D\000o\000c\000u\000m\000e\000n\000t\000a\000t\000i\000o\000n}{section.5.3}
\BOOKMARK [3][-]{subsubsection.5.3.2.1}{\376\377\000c\000r\000e\000a\000t\000e\000T\000r\000a\000i\000n\000i\000n\000g\000M\000e\000a\000n\000s}{subsection.5.3.2}
\BOOKMARK [3][-]{subsubsection.5.3.2.2}{\376\377\000e\000x\000p\000o\000r\000t\000C\000e\000n\000t\000e\000r\000s}{subsection.5.3.2}
\BOOKMARK [3][-]{subsubsection.5.3.2.3}{\376\377\000i\000m\000p\000o\000r\000t\000C\000e\000n\000t\000e\000r\000s}{subsection.5.3.2}
\BOOKMARK [3][-]{subsubsection.5.3.2.4}{\376\377\000i\000m\000p\000o\000r\000t\000S\000T\000I\000P\000s}{subsection.5.3.2}
\BOOKMARK [3][-]{subsubsection.5.3.2.5}{\376\377\000k\000m\000I\000v\000a\000n\000A\000l\000g\000o\000r\000i\000t\000h\000m}{subsection.5.3.2}
\BOOKMARK [1][-]{section.5.4}{\376\377\000n\000a\000o\000m\000n\000g\000t\000.\000c\000p\000p\000\040\000F\000i\000l\000e\000\040\000R\000e\000f\000e\000r\000e\000n\000c\000e}{chapter.5}
\BOOKMARK [2][-]{subsection.5.4.1}{\376\377\000D\000e\000t\000a\000i\000l\000e\000d\000\040\000D\000e\000s\000c\000r\000i\000p\000t\000i\000o\000n}{section.5.4}
\BOOKMARK [2][-]{subsection.5.4.2}{\376\377\000F\000u\000n\000c\000t\000i\000o\000n\000\040\000D\000o\000c\000u\000m\000e\000n\000t\000a\000t\000i\000o\000n}{section.5.4}
\BOOKMARK [3][-]{subsubsection.5.4.2.1}{\376\377\000a\000d\000d\000A\000c\000t\000i\000v\000i\000t\000y}{subsection.5.4.2}
\BOOKMARK [3][-]{subsubsection.5.4.2.2}{\376\377\000a\000d\000d\000B\000d\000d}{subsection.5.4.2}
\BOOKMARK [3][-]{subsubsection.5.4.2.3}{\376\377\000a\000d\000d\000L\000a\000b\000e\000l}{subsection.5.4.2}
\BOOKMARK [3][-]{subsubsection.5.4.2.4}{\376\377\000a\000d\000d\000V\000i\000d\000e\000o\000s}{subsection.5.4.2}
\BOOKMARK [3][-]{subsubsection.5.4.2.5}{\376\377\000d\000e\000l\000e\000t\000e\000A\000c\000t\000i\000v\000i\000t\000y}{subsection.5.4.2}
\BOOKMARK [3][-]{subsubsection.5.4.2.6}{\376\377\000d\000e\000l\000e\000t\000e\000B\000d\000d}{subsection.5.4.2}
\BOOKMARK [3][-]{subsubsection.5.4.2.7}{\376\377\000e\000m\000p\000t\000y\000F\000o\000l\000d\000e\000r}{subsection.5.4.2}
\BOOKMARK [3][-]{subsubsection.5.4.2.8}{\376\377\000f\000i\000l\000e\000E\000x\000i\000s\000t}{subsection.5.4.2}
\BOOKMARK [3][-]{subsubsection.5.4.2.9}{\376\377\000i\000n\000t\000t\000o\000s\000t\000r\000i\000n\000g}{subsection.5.4.2}
\BOOKMARK [3][-]{subsubsection.5.4.2.10}{\376\377\000l\000i\000s\000t\000A\000c\000t\000i\000v\000i\000t\000i\000e\000s}{subsection.5.4.2}
\BOOKMARK [3][-]{subsubsection.5.4.2.11}{\376\377\000m\000a\000p\000A\000c\000t\000i\000v\000i\000t\000i\000e\000s}{subsection.5.4.2}
\BOOKMARK [3][-]{subsubsection.5.4.2.12}{\376\377\000n\000b\000O\000f\000F\000i\000l\000e\000s}{subsection.5.4.2}
\BOOKMARK [3][-]{subsubsection.5.4.2.13}{\376\377\000t\000r\000a\000i\000n\000B\000d\000d}{subsection.5.4.2}
\BOOKMARK [1][-]{section.5.5}{\376\377\000n\000a\000o\000m\000n\000g\000t\000.\000h\000\040\000F\000i\000l\000e\000\040\000R\000e\000f\000e\000r\000e\000n\000c\000e}{chapter.5}
\BOOKMARK [2][-]{subsection.5.5.1}{\376\377\000D\000e\000t\000a\000i\000l\000e\000d\000\040\000D\000e\000s\000c\000r\000i\000p\000t\000i\000o\000n}{section.5.5}
\BOOKMARK [2][-]{subsection.5.5.2}{\376\377\000F\000u\000n\000c\000t\000i\000o\000n\000\040\000D\000o\000c\000u\000m\000e\000n\000t\000a\000t\000i\000o\000n}{section.5.5}
\BOOKMARK [3][-]{subsubsection.5.5.2.1}{\376\377\000a\000d\000d\000A\000c\000t\000i\000v\000i\000t\000y}{subsection.5.5.2}
\BOOKMARK [3][-]{subsubsection.5.5.2.2}{\376\377\000a\000d\000d\000B\000d\000d}{subsection.5.5.2}
\BOOKMARK [3][-]{subsubsection.5.5.2.3}{\376\377\000a\000d\000d\000L\000a\000b\000e\000l}{subsection.5.5.2}
\BOOKMARK [3][-]{subsubsection.5.5.2.4}{\376\377\000a\000d\000d\000V\000i\000d\000e\000o\000s}{subsection.5.5.2}
\BOOKMARK [3][-]{subsubsection.5.5.2.5}{\376\377\000d\000e\000l\000e\000t\000e\000A\000c\000t\000i\000v\000i\000t\000y}{subsection.5.5.2}
\BOOKMARK [3][-]{subsubsection.5.5.2.6}{\376\377\000d\000e\000l\000e\000t\000e\000B\000d\000d}{subsection.5.5.2}
\BOOKMARK [3][-]{subsubsection.5.5.2.7}{\376\377\000e\000m\000p\000t\000y\000F\000o\000l\000d\000e\000r}{subsection.5.5.2}
\BOOKMARK [3][-]{subsubsection.5.5.2.8}{\376\377\000f\000i\000l\000e\000E\000x\000i\000s\000t}{subsection.5.5.2}
\BOOKMARK [3][-]{subsubsection.5.5.2.9}{\376\377\000i\000n\000t\000t\000o\000s\000t\000r\000i\000n\000g}{subsection.5.5.2}
\BOOKMARK [3][-]{subsubsection.5.5.2.10}{\376\377\000l\000i\000s\000t\000A\000c\000t\000i\000v\000i\000t\000i\000e\000s}{subsection.5.5.2}
\BOOKMARK [3][-]{subsubsection.5.5.2.11}{\376\377\000m\000a\000p\000A\000c\000t\000i\000v\000i\000t\000i\000e\000s}{subsection.5.5.2}
\BOOKMARK [3][-]{subsubsection.5.5.2.12}{\376\377\000n\000b\000O\000f\000F\000i\000l\000e\000s}{subsection.5.5.2}
\BOOKMARK [3][-]{subsubsection.5.5.2.13}{\376\377\000t\000r\000a\000i\000n\000B\000d\000d}{subsection.5.5.2}
\BOOKMARK [1][-]{section.5.6}{\376\377\000n\000a\000o\000s\000v\000m\000.\000c\000p\000p\000\040\000F\000i\000l\000e\000\040\000R\000e\000f\000e\000r\000e\000n\000c\000e}{chapter.5}
\BOOKMARK [2][-]{subsection.5.6.1}{\376\377\000D\000e\000t\000a\000i\000l\000e\000d\000\040\000D\000e\000s\000c\000r\000i\000p\000t\000i\000o\000n}{section.5.6}
\BOOKMARK [2][-]{subsection.5.6.2}{\376\377\000F\000u\000n\000c\000t\000i\000o\000n\000\040\000D\000o\000c\000u\000m\000e\000n\000t\000a\000t\000i\000o\000n}{section.5.6}
\BOOKMARK [3][-]{subsubsection.5.6.2.1}{\376\377\000n\000r\000O\000f\000L\000i\000n\000e\000s}{subsection.5.6.2}
\BOOKMARK [3][-]{subsubsection.5.6.2.2}{\376\377\000p\000r\000i\000n\000t\000P\000r\000o\000b\000a\000b\000i\000l\000i\000t\000y}{subsection.5.6.2}
\BOOKMARK [3][-]{subsubsection.5.6.2.3}{\376\377\000p\000r\000i\000n\000t\000P\000r\000o\000b\000l\000e\000m}{subsection.5.6.2}
\BOOKMARK [1][-]{section.5.7}{\376\377\000n\000a\000o\000s\000v\000m\000.\000h\000\040\000F\000i\000l\000e\000\040\000R\000e\000f\000e\000r\000e\000n\000c\000e}{chapter.5}
\BOOKMARK [2][-]{subsection.5.7.1}{\376\377\000D\000e\000t\000a\000i\000l\000e\000d\000\040\000D\000e\000s\000c\000r\000i\000p\000t\000i\000o\000n}{section.5.7}
\BOOKMARK [2][-]{subsection.5.7.2}{\376\377\000F\000u\000n\000c\000t\000i\000o\000n\000\040\000D\000o\000c\000u\000m\000e\000n\000t\000a\000t\000i\000o\000n}{section.5.7}
\BOOKMARK [3][-]{subsubsection.5.7.2.1}{\376\377\000n\000r\000O\000f\000L\000i\000n\000e\000s}{subsection.5.7.2}
\BOOKMARK [3][-]{subsubsection.5.7.2.2}{\376\377\000p\000r\000i\000n\000t\000P\000r\000o\000b\000a\000b\000i\000l\000i\000t\000y}{subsection.5.7.2}
\BOOKMARK [3][-]{subsubsection.5.7.2.3}{\376\377\000p\000r\000i\000n\000t\000P\000r\000o\000b\000l\000e\000m}{subsection.5.7.2}
